<?xml version="1.0" encoding="UTF-8"?>
<!-- Generated by org.testng.reporters.JUnitReportReporter -->
<testsuite hostname="LAPTOP-04B1LE1H" failures="0" tests="1" name="com.nopcommerce.demo.testsuite.ComputerPageTest" time="6.041" errors="0" timestamp="2023-12-17T13:22:40 GMT" skipped="0">
  <testcase classname="com.nopcommerce.demo.testsuite.ComputerPageTest" name="verifyUserShouldNavigateToComputerPageSuccessfully" time="6.041">
    <system-out>
      <![CDATA[Click on 'Computers' tab <br>
Get pageTitle text : Computers<br>]]>
    </system-out>
  </testcase> <!-- verifyUserShouldNavigateToComputerPageSuccessfully -->
  <system-out>
    <![CDATA[Click on 'Computers' tab <br>
Get pageTitle text : Computers<br>
Clicking on register link Register<br>
Get registerText : Register<br>
Clicking on login link Log in<br>
Getting welcome text Welcome, Please Sign In!<br>]]>
  </system-out>
</testsuite> <!-- com.nopcommerce.demo.testsuite.ComputerPageTest -->
